  [1m[35m (1.5ms)[0m  [1m[35mCREATE DATABASE "rails-watch-list_development" ENCODING = 'unicode'[0m
  [1m[35m (0.3ms)[0m  [1m[35mCREATE DATABASE "rails_watch_list_test" ENCODING = 'unicode'[0m
  [1m[36mActiveRecord::SchemaMigration Pluck (0.9ms)[0m  [1m[34mSELECT "schema_migrations"."version" FROM "schema_migrations" ORDER BY "schema_migrations"."version" ASC[0m
  [1m[36mActiveRecord::InternalMetadata Pluck (0.5ms)[0m  [1m[34mSELECT "ar_internal_metadata"."value" FROM "ar_internal_metadata" WHERE "ar_internal_metadata"."key" = $1 LIMIT $2[0m  [["key", "environment"], ["LIMIT", 1]]
  [1m[36mActiveRecord::SchemaMigration Pluck (0.2ms)[0m  [1m[34mSELECT "schema_migrations"."version" FROM "schema_migrations" ORDER BY "schema_migrations"."version" ASC[0m
  [1m[36mActiveRecord::InternalMetadata Pluck (0.1ms)[0m  [1m[34mSELECT "ar_internal_metadata"."value" FROM "ar_internal_metadata" WHERE "ar_internal_metadata"."key" = $1 LIMIT $2[0m  [["key", "environment"], ["LIMIT", 1]]
  [1m[36mActiveRecord::SchemaMigration Pluck (0.1ms)[0m  [1m[34mSELECT "schema_migrations"."version" FROM "schema_migrations" ORDER BY "schema_migrations"."version" ASC[0m
  [1m[36mActiveRecord::InternalMetadata Pluck (0.1ms)[0m  [1m[34mSELECT "ar_internal_metadata"."value" FROM "ar_internal_metadata" WHERE "ar_internal_metadata"."key" = $1 LIMIT $2[0m  [["key", "environment"], ["LIMIT", 1]]
  [1m[35m (41.3ms)[0m  [1m[35mDROP DATABASE IF EXISTS "rails-watch-list_development"[0m
  [1m[35m (33.0ms)[0m  [1m[35mDROP DATABASE IF EXISTS "rails_watch_list_test"[0m
  [1m[35m (98.3ms)[0m  [1m[35mCREATE DATABASE "rails-watch-list_development" ENCODING = 'unicode'[0m
  [1m[35m (42.5ms)[0m  [1m[35mCREATE DATABASE "rails_watch_list_test" ENCODING = 'unicode'[0m
  [1m[35m (8.1ms)[0m  [1m[35mCREATE TABLE "schema_migrations" ("version" character varying NOT NULL PRIMARY KEY)[0m
  [1m[35m (3.9ms)[0m  [1m[35mCREATE TABLE "ar_internal_metadata" ("key" character varying NOT NULL PRIMARY KEY, "value" character varying, "created_at" timestamp(6) NOT NULL, "updated_at" timestamp(6) NOT NULL)[0m
  [1m[35m (0.2ms)[0m  [1m[34mSELECT pg_try_advisory_lock(5664623546625577800)[0m
  [1m[36mActiveRecord::SchemaMigration Pluck (0.5ms)[0m  [1m[34mSELECT "schema_migrations"."version" FROM "schema_migrations" ORDER BY "schema_migrations"."version" ASC[0m
Migrating to CreateMovies (20220421072200)
  [1m[36mTRANSACTION (0.1ms)[0m  [1m[35mBEGIN[0m
  [1m[35m (4.0ms)[0m  [1m[35mCREATE TABLE "movies" ("id" bigserial primary key, "title" character varying, "overview" text, "poster_url" character varying, "rating" float, "created_at" timestamp(6) NOT NULL, "updated_at" timestamp(6) NOT NULL)[0m
  [1m[36mActiveRecord::SchemaMigration Create (0.4ms)[0m  [1m[32mINSERT INTO "schema_migrations" ("version") VALUES ($1) RETURNING "version"[0m  [["version", "20220421072200"]]
  [1m[36mTRANSACTION (0.3ms)[0m  [1m[35mCOMMIT[0m
Migrating to CreateLists (20220421072341)
  [1m[36mTRANSACTION (0.2ms)[0m  [1m[35mBEGIN[0m
  [1m[35m (3.1ms)[0m  [1m[35mCREATE TABLE "lists" ("id" bigserial primary key, "name" character varying, "created_at" timestamp(6) NOT NULL, "updated_at" timestamp(6) NOT NULL)[0m
  [1m[36mActiveRecord::SchemaMigration Create (0.1ms)[0m  [1m[32mINSERT INTO "schema_migrations" ("version") VALUES ($1) RETURNING "version"[0m  [["version", "20220421072341"]]
  [1m[36mTRANSACTION (0.4ms)[0m  [1m[35mCOMMIT[0m
Migrating to CreateBookmarks (20220421072643)
  [1m[36mTRANSACTION (0.2ms)[0m  [1m[35mBEGIN[0m
  [1m[35m (6.0ms)[0m  [1m[35mCREATE TABLE "bookmarks" ("id" bigserial primary key, "comment" text, "movie_id" bigint NOT NULL, "list_id" bigint NOT NULL, "created_at" timestamp(6) NOT NULL, "updated_at" timestamp(6) NOT NULL, CONSTRAINT "fk_rails_630f44bd39"
FOREIGN KEY ("movie_id")
  REFERENCES "movies" ("id")
, CONSTRAINT "fk_rails_29c05dc16c"
FOREIGN KEY ("list_id")
  REFERENCES "lists" ("id")
)[0m
  [1m[35m (0.9ms)[0m  [1m[35mCREATE INDEX "index_bookmarks_on_movie_id" ON "bookmarks" ("movie_id")[0m
  [1m[35m (0.7ms)[0m  [1m[35mCREATE INDEX "index_bookmarks_on_list_id" ON "bookmarks" ("list_id")[0m
  [1m[36mActiveRecord::SchemaMigration Create (0.1ms)[0m  [1m[32mINSERT INTO "schema_migrations" ("version") VALUES ($1) RETURNING "version"[0m  [["version", "20220421072643"]]
  [1m[36mTRANSACTION (0.4ms)[0m  [1m[35mCOMMIT[0m
Migrating to CreateReviews (20220421075255)
  [1m[36mTRANSACTION (0.2ms)[0m  [1m[35mBEGIN[0m
  [1m[35m (3.3ms)[0m  [1m[35mCREATE TABLE "reviews" ("id" bigserial primary key, "comment" text, "rating" integer, "list_id" bigint NOT NULL, "created_at" timestamp(6) NOT NULL, "updated_at" timestamp(6) NOT NULL, CONSTRAINT "fk_rails_4a5c24a6bd"
FOREIGN KEY ("list_id")
  REFERENCES "lists" ("id")
)[0m
  [1m[35m (1.1ms)[0m  [1m[35mCREATE INDEX "index_reviews_on_list_id" ON "reviews" ("list_id")[0m
  [1m[36mActiveRecord::SchemaMigration Create (0.2ms)[0m  [1m[32mINSERT INTO "schema_migrations" ("version") VALUES ($1) RETURNING "version"[0m  [["version", "20220421075255"]]
  [1m[36mTRANSACTION (0.2ms)[0m  [1m[35mCOMMIT[0m
Migrating to CreateActiveStorageTables (20220421122344)
  [1m[36mTRANSACTION (0.3ms)[0m  [1m[35mBEGIN[0m
  [1m[35m (4.8ms)[0m  [1m[35mCREATE TABLE "active_storage_blobs" ("id" bigserial primary key, "key" character varying NOT NULL, "filename" character varying NOT NULL, "content_type" character varying, "metadata" text, "service_name" character varying NOT NULL, "byte_size" bigint NOT NULL, "checksum" character varying, "created_at" timestamp(6) NOT NULL)[0m
  [1m[35m (1.0ms)[0m  [1m[35mCREATE UNIQUE INDEX "index_active_storage_blobs_on_key" ON "active_storage_blobs" ("key")[0m
  [1m[35m (3.4ms)[0m  [1m[35mCREATE TABLE "active_storage_attachments" ("id" bigserial primary key, "name" character varying NOT NULL, "record_type" character varying NOT NULL, "record_id" bigint NOT NULL, "blob_id" bigint NOT NULL, "created_at" timestamp(6) NOT NULL, CONSTRAINT "fk_rails_c3b3935057"
FOREIGN KEY ("blob_id")
  REFERENCES "active_storage_blobs" ("id")
)[0m
  [1m[35m (1.0ms)[0m  [1m[35mCREATE INDEX "index_active_storage_attachments_on_blob_id" ON "active_storage_attachments" ("blob_id")[0m
  [1m[35m (1.0ms)[0m  [1m[35mCREATE UNIQUE INDEX "index_active_storage_attachments_uniqueness" ON "active_storage_attachments" ("record_type", "record_id", "name", "blob_id")[0m
  [1m[35m (3.2ms)[0m  [1m[35mCREATE TABLE "active_storage_variant_records" ("id" bigserial primary key, "blob_id" bigint NOT NULL, "variation_digest" character varying NOT NULL, CONSTRAINT "fk_rails_993965df05"
FOREIGN KEY ("blob_id")
  REFERENCES "active_storage_blobs" ("id")
)[0m
  [1m[35m (0.9ms)[0m  [1m[35mCREATE UNIQUE INDEX "index_active_storage_variant_records_uniqueness" ON "active_storage_variant_records" ("blob_id", "variation_digest")[0m
  [1m[36mActiveRecord::SchemaMigration Create (0.2ms)[0m  [1m[32mINSERT INTO "schema_migrations" ("version") VALUES ($1) RETURNING "version"[0m  [["version", "20220421122344"]]
  [1m[36mTRANSACTION (0.5ms)[0m  [1m[35mCOMMIT[0m
  [1m[36mActiveRecord::InternalMetadata Load (0.5ms)[0m  [1m[34mSELECT "ar_internal_metadata".* FROM "ar_internal_metadata" WHERE "ar_internal_metadata"."key" = $1 LIMIT $2[0m  [["key", "environment"], ["LIMIT", 1]]
  [1m[36mTRANSACTION (0.1ms)[0m  [1m[35mBEGIN[0m
  [1m[36mActiveRecord::InternalMetadata Create (0.5ms)[0m  [1m[32mINSERT INTO "ar_internal_metadata" ("key", "value", "created_at", "updated_at") VALUES ($1, $2, $3, $4) RETURNING "key"[0m  [["key", "environment"], ["value", "development"], ["created_at", "2023-11-17 11:04:08.376869"], ["updated_at", "2023-11-17 11:04:08.376869"]]
  [1m[36mTRANSACTION (0.2ms)[0m  [1m[35mCOMMIT[0m
  [1m[35m (0.3ms)[0m  [1m[34mSELECT pg_advisory_unlock(5664623546625577800)[0m
  [1m[36mActiveRecord::SchemaMigration Pluck (0.6ms)[0m  [1m[34mSELECT "schema_migrations"."version" FROM "schema_migrations" ORDER BY "schema_migrations"."version" ASC[0m
Started GET "/lists" for ::1 at 2023-11-17 12:04:19 +0100
  [1m[36mActiveRecord::SchemaMigration Pluck (0.7ms)[0m  [1m[34mSELECT "schema_migrations"."version" FROM "schema_migrations" ORDER BY "schema_migrations"."version" ASC[0m
Processing by ListsController#index as HTML
  Rendering layout layouts/application.html.erb
  Rendering lists/index.html.erb within layouts/application
  [1m[36mList Load (1.0ms)[0m  [1m[34mSELECT "lists".* FROM "lists"[0m
  ↳ app/views/lists/index.html.erb:13
  Rendered lists/index.html.erb within layouts/application (Duration: 2.9ms | Allocations: 1609)
  Rendered layout layouts/application.html.erb (Duration: 15.0ms | Allocations: 10420)
Completed 500 Internal Server Error in 28ms (ActiveRecord: 1.0ms | Allocations: 19248)


  
ActionView::Template::Error (Error: File to import not found or unreadable: bootstrap/scss/bootstrap.
        on line 8:1 of app/assets/stylesheets/application.scss
>> @import "bootstrap/scss/bootstrap";

   ^
):
     6:     <%= csrf_meta_tags %>
     7:     <%= csp_meta_tag %>
     8: 
     9:     <%= stylesheet_link_tag "application", "data-turbo-track": "reload" %>
    10:     <%= javascript_include_tag "application", "data-turbo-track": "reload", defer: true %>
    11:   </head>
    12:   <body>
  
app/assets/stylesheets/application.scss:8
app/views/layouts/application.html.erb:9
Started GET "/lists" for ::1 at 2023-11-17 12:07:26 +0100
  [1m[36mActiveRecord::SchemaMigration Pluck (2.0ms)[0m  [1m[34mSELECT "schema_migrations"."version" FROM "schema_migrations" ORDER BY "schema_migrations"."version" ASC[0m
Processing by ListsController#index as HTML
  Rendering layout layouts/application.html.erb
  Rendering lists/index.html.erb within layouts/application
  [1m[36mList Load (0.9ms)[0m  [1m[34mSELECT "lists".* FROM "lists"[0m
  ↳ app/views/lists/index.html.erb:13
  Rendered lists/index.html.erb within layouts/application (Duration: 2.1ms | Allocations: 1500)
  Rendered layout layouts/application.html.erb (Duration: 13.4ms | Allocations: 9767)
Completed 500 Internal Server Error in 20ms (ActiveRecord: 0.9ms | Allocations: 16958)


  
ActionView::Template::Error (Error: File to import not found or unreadable: bootstrap/scss/bootstrap.
        on line 8:1 of app/assets/stylesheets/application.scss
>> @import "bootstrap/scss/bootstrap";

   ^
):
     6:     <%= csrf_meta_tags %>
     7:     <%= csp_meta_tag %>
     8: 
     9:     <%= stylesheet_link_tag "application", "data-turbo-track": "reload" %>
    10:     <%= javascript_include_tag "application", "data-turbo-track": "reload", defer: true %>
    11:     <%= javascript_importmap_tags %>
    12:   </head>
  
app/assets/stylesheets/application.scss:8
app/views/layouts/application.html.erb:9
Started GET "/lists" for ::1 at 2023-11-17 12:07:30 +0100
Processing by ListsController#index as HTML
  Rendering layout layouts/application.html.erb
  Rendering lists/index.html.erb within layouts/application
  [1m[36mList Load (0.3ms)[0m  [1m[34mSELECT "lists".* FROM "lists"[0m
  ↳ app/views/lists/index.html.erb:13
  Rendered lists/index.html.erb within layouts/application (Duration: 3.0ms | Allocations: 720)
  Rendered layout layouts/application.html.erb (Duration: 19.2ms | Allocations: 7718)
Completed 500 Internal Server Error in 21ms (ActiveRecord: 0.3ms | Allocations: 8022)


  
ActionView::Template::Error (Error: File to import not found or unreadable: bootstrap/scss/bootstrap.
        on line 8:1 of app/assets/stylesheets/application.scss
>> @import "bootstrap/scss/bootstrap";

   ^
):
     6:     <%= csrf_meta_tags %>
     7:     <%= csp_meta_tag %>
     8: 
     9:     <%= stylesheet_link_tag "application", "data-turbo-track": "reload" %>
    10:     <%= javascript_include_tag "application", "data-turbo-track": "reload", defer: true %>
    11:     <%= javascript_importmap_tags %>
    12:   </head>
  
app/assets/stylesheets/application.scss:8
app/views/layouts/application.html.erb:9
Started GET "/lists" for ::1 at 2023-11-17 12:07:31 +0100
Processing by ListsController#index as HTML
  Rendering layout layouts/application.html.erb
  Rendering lists/index.html.erb within layouts/application
  [1m[36mList Load (0.4ms)[0m  [1m[34mSELECT "lists".* FROM "lists"[0m
  ↳ app/views/lists/index.html.erb:13
  Rendered lists/index.html.erb within layouts/application (Duration: 2.2ms | Allocations: 628)
  Rendered layout layouts/application.html.erb (Duration: 18.9ms | Allocations: 7393)
Completed 500 Internal Server Error in 21ms (ActiveRecord: 0.4ms | Allocations: 7653)


  
ActionView::Template::Error (Error: File to import not found or unreadable: bootstrap/scss/bootstrap.
        on line 8:1 of app/assets/stylesheets/application.scss
>> @import "bootstrap/scss/bootstrap";

   ^
):
     6:     <%= csrf_meta_tags %>
     7:     <%= csp_meta_tag %>
     8: 
     9:     <%= stylesheet_link_tag "application", "data-turbo-track": "reload" %>
    10:     <%= javascript_include_tag "application", "data-turbo-track": "reload", defer: true %>
    11:     <%= javascript_importmap_tags %>
    12:   </head>
  
app/assets/stylesheets/application.scss:8
app/views/layouts/application.html.erb:9
Started GET "/lists" for ::1 at 2023-11-17 12:08:28 +0100
  [1m[36mActiveRecord::SchemaMigration Pluck (0.7ms)[0m  [1m[34mSELECT "schema_migrations"."version" FROM "schema_migrations" ORDER BY "schema_migrations"."version" ASC[0m
Processing by ListsController#index as HTML
  Rendering layout layouts/application.html.erb
  Rendering lists/index.html.erb within layouts/application
  [1m[36mList Load (0.7ms)[0m  [1m[34mSELECT "lists".* FROM "lists"[0m
  ↳ app/views/lists/index.html.erb:13
  Rendered lists/index.html.erb within layouts/application (Duration: 1.8ms | Allocations: 1500)
  Rendered layout layouts/application.html.erb (Duration: 13.4ms | Allocations: 9767)
Completed 500 Internal Server Error in 20ms (ActiveRecord: 0.7ms | Allocations: 16958)


  
ActionView::Template::Error (Error: File to import not found or unreadable: bootstrap/scss/bootstrap.
        on line 8:1 of app/assets/stylesheets/application.scss
>> @import "bootstrap/scss/bootstrap";

   ^
):
     6:     <%= csrf_meta_tags %>
     7:     <%= csp_meta_tag %>
     8: 
     9:     <%= stylesheet_link_tag "application", "data-turbo-track": "reload" %>
    10:     <%= javascript_include_tag "application", "data-turbo-track": "reload", defer: true %>
    11:     <%= javascript_importmap_tags %>
    12:   </head>
  
app/assets/stylesheets/application.scss:8
app/views/layouts/application.html.erb:9
Started GET "/lists" for ::1 at 2023-11-17 12:09:52 +0100
Processing by ListsController#index as HTML
  Rendering layout layouts/application.html.erb
  Rendering lists/index.html.erb within layouts/application
  [1m[36mList Load (0.6ms)[0m  [1m[34mSELECT "lists".* FROM "lists"[0m
  ↳ app/views/lists/index.html.erb:13
  Rendered lists/index.html.erb within layouts/application (Duration: 4.5ms | Allocations: 720)
  Rendered layout layouts/application.html.erb (Duration: 19.7ms | Allocations: 7716)
Completed 500 Internal Server Error in 23ms (ActiveRecord: 0.6ms | Allocations: 8020)


  
ActionView::Template::Error (Error: File to import not found or unreadable: bootstrap/scss/bootstrap.
        on line 8:1 of app/assets/stylesheets/application.scss
>> @import "bootstrap/scss/bootstrap";

   ^
):
     6:     <%= csrf_meta_tags %>
     7:     <%= csp_meta_tag %>
     8: 
     9:     <%= stylesheet_link_tag "application", "data-turbo-track": "reload" %>
    10:     <%= javascript_include_tag "application", "data-turbo-track": "reload", defer: true %>
    11:     <%= javascript_importmap_tags %>
    12:   </head>
  
app/assets/stylesheets/application.scss:8
app/views/layouts/application.html.erb:9
Started GET "/lists" for ::1 at 2023-11-17 12:09:53 +0100
Processing by ListsController#index as HTML
  Rendering layout layouts/application.html.erb
  Rendering lists/index.html.erb within layouts/application
  [1m[36mList Load (0.5ms)[0m  [1m[34mSELECT "lists".* FROM "lists"[0m
  ↳ app/views/lists/index.html.erb:13
  Rendered lists/index.html.erb within layouts/application (Duration: 2.6ms | Allocations: 628)
  Rendered layout layouts/application.html.erb (Duration: 19.9ms | Allocations: 7393)
Completed 500 Internal Server Error in 22ms (ActiveRecord: 0.5ms | Allocations: 7653)


  
ActionView::Template::Error (Error: File to import not found or unreadable: bootstrap/scss/bootstrap.
        on line 8:1 of app/assets/stylesheets/application.scss
>> @import "bootstrap/scss/bootstrap";

   ^
):
     6:     <%= csrf_meta_tags %>
     7:     <%= csp_meta_tag %>
     8: 
     9:     <%= stylesheet_link_tag "application", "data-turbo-track": "reload" %>
    10:     <%= javascript_include_tag "application", "data-turbo-track": "reload", defer: true %>
    11:     <%= javascript_importmap_tags %>
    12:   </head>
  
app/assets/stylesheets/application.scss:8
app/views/layouts/application.html.erb:9
Started GET "/lists" for ::1 at 2023-11-17 12:09:54 +0100
Processing by ListsController#index as HTML
  Rendering layout layouts/application.html.erb
  Rendering lists/index.html.erb within layouts/application
  [1m[36mList Load (0.3ms)[0m  [1m[34mSELECT "lists".* FROM "lists"[0m
  ↳ app/views/lists/index.html.erb:13
  Rendered lists/index.html.erb within layouts/application (Duration: 2.0ms | Allocations: 628)
  Rendered layout layouts/application.html.erb (Duration: 18.7ms | Allocations: 7393)
Completed 500 Internal Server Error in 21ms (ActiveRecord: 0.3ms | Allocations: 7653)


  
ActionView::Template::Error (Error: File to import not found or unreadable: bootstrap/scss/bootstrap.
        on line 8:1 of app/assets/stylesheets/application.scss
>> @import "bootstrap/scss/bootstrap";

   ^
):
     6:     <%= csrf_meta_tags %>
     7:     <%= csp_meta_tag %>
     8: 
     9:     <%= stylesheet_link_tag "application", "data-turbo-track": "reload" %>
    10:     <%= javascript_include_tag "application", "data-turbo-track": "reload", defer: true %>
    11:     <%= javascript_importmap_tags %>
    12:   </head>
  
app/assets/stylesheets/application.scss:8
app/views/layouts/application.html.erb:9
Started GET "/lists" for ::1 at 2023-11-17 12:10:24 +0100
  [1m[36mActiveRecord::SchemaMigration Pluck (0.9ms)[0m  [1m[34mSELECT "schema_migrations"."version" FROM "schema_migrations" ORDER BY "schema_migrations"."version" ASC[0m
Processing by ListsController#index as HTML
  Rendering layout layouts/application.html.erb
  Rendering lists/index.html.erb within layouts/application
  [1m[36mList Load (0.6ms)[0m  [1m[34mSELECT "lists".* FROM "lists"[0m
  ↳ app/views/lists/index.html.erb:13
  Rendered lists/index.html.erb within layouts/application (Duration: 1.8ms | Allocations: 1500)
  Rendered layout layouts/application.html.erb (Duration: 8.5ms | Allocations: 9767)
Completed 500 Internal Server Error in 15ms (ActiveRecord: 0.6ms | Allocations: 16958)


  
ActionView::Template::Error (Error: File to import not found or unreadable: bootstrap/scss/bootstrap.
        on line 8:1 of app/assets/stylesheets/application.scss
>> @import "bootstrap/scss/bootstrap";

   ^
):
     6:     <%= csrf_meta_tags %>
     7:     <%= csp_meta_tag %>
     8: 
     9:     <%= stylesheet_link_tag "application", "data-turbo-track": "reload" %>
    10:     <%= javascript_include_tag "application", "data-turbo-track": "reload", defer: true %>
    11:     <%= javascript_importmap_tags %>
    12:   </head>
  
app/assets/stylesheets/application.scss:8
app/views/layouts/application.html.erb:9
Started GET "/lists" for ::1 at 2023-11-17 12:10:26 +0100
Processing by ListsController#index as HTML
  Rendering layout layouts/application.html.erb
  Rendering lists/index.html.erb within layouts/application
  [1m[36mList Load (0.4ms)[0m  [1m[34mSELECT "lists".* FROM "lists"[0m
  ↳ app/views/lists/index.html.erb:13
  Rendered lists/index.html.erb within layouts/application (Duration: 1.9ms | Allocations: 720)
  Rendered layout layouts/application.html.erb (Duration: 17.1ms | Allocations: 7716)
Completed 500 Internal Server Error in 19ms (ActiveRecord: 0.4ms | Allocations: 8020)


  
ActionView::Template::Error (Error: File to import not found or unreadable: bootstrap/scss/bootstrap.
        on line 8:1 of app/assets/stylesheets/application.scss
>> @import "bootstrap/scss/bootstrap";

   ^
):
     6:     <%= csrf_meta_tags %>
     7:     <%= csp_meta_tag %>
     8: 
     9:     <%= stylesheet_link_tag "application", "data-turbo-track": "reload" %>
    10:     <%= javascript_include_tag "application", "data-turbo-track": "reload", defer: true %>
    11:     <%= javascript_importmap_tags %>
    12:   </head>
  
app/assets/stylesheets/application.scss:8
app/views/layouts/application.html.erb:9
Started GET "/lists" for ::1 at 2023-11-17 12:10:27 +0100
Processing by ListsController#index as HTML
  Rendering layout layouts/application.html.erb
  Rendering lists/index.html.erb within layouts/application
  [1m[36mList Load (0.3ms)[0m  [1m[34mSELECT "lists".* FROM "lists"[0m
  ↳ app/views/lists/index.html.erb:13
  Rendered lists/index.html.erb within layouts/application (Duration: 1.8ms | Allocations: 628)
  Rendered layout layouts/application.html.erb (Duration: 16.8ms | Allocations: 7393)
Completed 500 Internal Server Error in 19ms (ActiveRecord: 0.3ms | Allocations: 7653)


  
ActionView::Template::Error (Error: File to import not found or unreadable: bootstrap/scss/bootstrap.
        on line 8:1 of app/assets/stylesheets/application.scss
>> @import "bootstrap/scss/bootstrap";

   ^
):
     6:     <%= csrf_meta_tags %>
     7:     <%= csp_meta_tag %>
     8: 
     9:     <%= stylesheet_link_tag "application", "data-turbo-track": "reload" %>
    10:     <%= javascript_include_tag "application", "data-turbo-track": "reload", defer: true %>
    11:     <%= javascript_importmap_tags %>
    12:   </head>
  
app/assets/stylesheets/application.scss:8
app/views/layouts/application.html.erb:9
Started GET "/lists" for ::1 at 2023-11-17 12:10:27 +0100
Processing by ListsController#index as HTML
  Rendering layout layouts/application.html.erb
  Rendering lists/index.html.erb within layouts/application
  [1m[36mList Load (0.5ms)[0m  [1m[34mSELECT "lists".* FROM "lists"[0m
  ↳ app/views/lists/index.html.erb:13
  Rendered lists/index.html.erb within layouts/application (Duration: 17.1ms | Allocations: 38478)
  Rendered layout layouts/application.html.erb (Duration: 21.1ms | Allocations: 45309)
Completed 500 Internal Server Error in 22ms (ActiveRecord: 11.0ms | Allocations: 46787)


  
ActionView::Template::Error (Error: File to import not found or unreadable: bootstrap/scss/bootstrap.
        on line 8:1 of app/assets/stylesheets/application.scss
>> @import "bootstrap/scss/bootstrap";

   ^
):
     6:     <%= csrf_meta_tags %>
     7:     <%= csp_meta_tag %>
     8: 
     9:     <%= stylesheet_link_tag "application", "data-turbo-track": "reload" %>
    10:     <%= javascript_include_tag "application", "data-turbo-track": "reload", defer: true %>
    11:     <%= javascript_importmap_tags %>
    12:   </head>
  
app/assets/stylesheets/application.scss:8
app/views/layouts/application.html.erb:9
Started GET "/lists" for ::1 at 2023-11-17 12:10:27 +0100
Processing by ListsController#index as HTML
  Rendering layout layouts/application.html.erb
  Rendering lists/index.html.erb within layouts/application
  [1m[36mList Load (0.4ms)[0m  [1m[34mSELECT "lists".* FROM "lists"[0m
  ↳ app/views/lists/index.html.erb:13
  Rendered lists/index.html.erb within layouts/application (Duration: 1.2ms | Allocations: 4070)
  Rendered layout layouts/application.html.erb (Duration: 6.3ms | Allocations: 14483)
Completed 500 Internal Server Error in 7ms (ActiveRecord: 0.4ms | Allocations: 16129)


  
ActionView::Template::Error (Error: File to import not found or unreadable: bootstrap/scss/bootstrap.
        on line 8:1 of app/assets/stylesheets/application.scss
>> @import "bootstrap/scss/bootstrap";

   ^
):
     6:     <%= csrf_meta_tags %>
     7:     <%= csp_meta_tag %>
     8: 
     9:     <%= stylesheet_link_tag "application", "data-turbo-track": "reload" %>
    10:     <%= javascript_include_tag "application", "data-turbo-track": "reload", defer: true %>
    11:     <%= javascript_importmap_tags %>
    12:   </head>
  
app/assets/stylesheets/application.scss:8
app/views/layouts/application.html.erb:9
Started GET "/lists" for ::1 at 2023-11-17 12:13:17 +0100
  [1m[36mActiveRecord::SchemaMigration Pluck (0.6ms)[0m  [1m[34mSELECT "schema_migrations"."version" FROM "schema_migrations" ORDER BY "schema_migrations"."version" ASC[0m
Processing by ListsController#index as HTML
  Rendering layout layouts/application.html.erb
  Rendering lists/index.html.erb within layouts/application
  [1m[36mList Load (0.7ms)[0m  [1m[34mSELECT "lists".* FROM "lists"[0m
  ↳ app/views/lists/index.html.erb:13
  Rendered lists/index.html.erb within layouts/application (Duration: 1.8ms | Allocations: 1500)
  Rendered layout layouts/application.html.erb (Duration: 14.3ms | Allocations: 9767)
Completed 500 Internal Server Error in 21ms (ActiveRecord: 0.7ms | Allocations: 16958)


  
ActionView::Template::Error (Error: File to import not found or unreadable: bootstrap/scss/bootstrap.
        on line 8:1 of app/assets/stylesheets/application.scss
>> @import "bootstrap/scss/bootstrap";

   ^
):
     6:     <%= csrf_meta_tags %>
     7:     <%= csp_meta_tag %>
     8: 
     9:     <%= stylesheet_link_tag "application", "data-turbo-track": "reload" %>
    10:     <%= javascript_include_tag "application", "data-turbo-track": "reload", defer: true %>
    11:     <%= javascript_importmap_tags %>
    12:   </head>
  
app/assets/stylesheets/application.scss:8
app/views/layouts/application.html.erb:9
Started GET "/lists" for ::1 at 2023-11-17 12:13:18 +0100
Processing by ListsController#index as HTML
  Rendering layout layouts/application.html.erb
  Rendering lists/index.html.erb within layouts/application
  [1m[36mList Load (0.5ms)[0m  [1m[34mSELECT "lists".* FROM "lists"[0m
  ↳ app/views/lists/index.html.erb:13
  Rendered lists/index.html.erb within layouts/application (Duration: 3.0ms | Allocations: 720)
  Rendered layout layouts/application.html.erb (Duration: 20.7ms | Allocations: 7718)
Completed 500 Internal Server Error in 22ms (ActiveRecord: 0.5ms | Allocations: 8022)


  
ActionView::Template::Error (Error: File to import not found or unreadable: bootstrap/scss/bootstrap.
        on line 8:1 of app/assets/stylesheets/application.scss
>> @import "bootstrap/scss/bootstrap";

   ^
):
     6:     <%= csrf_meta_tags %>
     7:     <%= csp_meta_tag %>
     8: 
     9:     <%= stylesheet_link_tag "application", "data-turbo-track": "reload" %>
    10:     <%= javascript_include_tag "application", "data-turbo-track": "reload", defer: true %>
    11:     <%= javascript_importmap_tags %>
    12:   </head>
  
app/assets/stylesheets/application.scss:8
app/views/layouts/application.html.erb:9
Started GET "/lists" for ::1 at 2023-11-17 12:13:29 +0100
Processing by ListsController#index as HTML
  Rendering layout layouts/application.html.erb
  Rendering lists/index.html.erb within layouts/application
  [1m[36mList Load (0.3ms)[0m  [1m[34mSELECT "lists".* FROM "lists"[0m
  ↳ app/views/lists/index.html.erb:13
  Rendered lists/index.html.erb within layouts/application (Duration: 3.2ms | Allocations: 628)
  Rendered layout layouts/application.html.erb (Duration: 19.1ms | Allocations: 7393)
Completed 500 Internal Server Error in 22ms (ActiveRecord: 0.3ms | Allocations: 7653)


  
ActionView::Template::Error (Error: File to import not found or unreadable: bootstrap/scss/bootstrap.
        on line 8:1 of app/assets/stylesheets/application.scss
>> @import "bootstrap/scss/bootstrap";

   ^
):
     6:     <%= csrf_meta_tags %>
     7:     <%= csp_meta_tag %>
     8: 
     9:     <%= stylesheet_link_tag "application", "data-turbo-track": "reload" %>
    10:     <%= javascript_include_tag "application", "data-turbo-track": "reload", defer: true %>
    11:     <%= javascript_importmap_tags %>
    12:   </head>
  
app/assets/stylesheets/application.scss:8
app/views/layouts/application.html.erb:9
Started GET "/lists" for ::1 at 2023-11-17 12:13:30 +0100
Processing by ListsController#index as HTML
  Rendering layout layouts/application.html.erb
  Rendering lists/index.html.erb within layouts/application
  [1m[36mList Load (0.4ms)[0m  [1m[34mSELECT "lists".* FROM "lists"[0m
  ↳ app/views/lists/index.html.erb:13
  Rendered lists/index.html.erb within layouts/application (Duration: 3.3ms | Allocations: 628)
  Rendered layout layouts/application.html.erb (Duration: 19.3ms | Allocations: 7393)
Completed 500 Internal Server Error in 21ms (ActiveRecord: 0.4ms | Allocations: 7653)


  
ActionView::Template::Error (Error: File to import not found or unreadable: bootstrap/scss/bootstrap.
        on line 8:1 of app/assets/stylesheets/application.scss
>> @import "bootstrap/scss/bootstrap";

   ^
):
     6:     <%= csrf_meta_tags %>
     7:     <%= csp_meta_tag %>
     8: 
     9:     <%= stylesheet_link_tag "application", "data-turbo-track": "reload" %>
    10:     <%= javascript_include_tag "application", "data-turbo-track": "reload", defer: true %>
    11:     <%= javascript_importmap_tags %>
    12:   </head>
  
app/assets/stylesheets/application.scss:8
app/views/layouts/application.html.erb:9
Started GET "/lists" for ::1 at 2023-11-17 12:13:31 +0100
Processing by ListsController#index as HTML
  Rendering layout layouts/application.html.erb
  Rendering lists/index.html.erb within layouts/application
  [1m[36mList Load (0.5ms)[0m  [1m[34mSELECT "lists".* FROM "lists"[0m
  ↳ app/views/lists/index.html.erb:13
  Rendered lists/index.html.erb within layouts/application (Duration: 3.1ms | Allocations: 621)
  Rendered layout layouts/application.html.erb (Duration: 19.5ms | Allocations: 7384)
Completed 500 Internal Server Error in 21ms (ActiveRecord: 0.5ms | Allocations: 7636)


  
ActionView::Template::Error (Error: File to import not found or unreadable: bootstrap/scss/bootstrap.
        on line 8:1 of app/assets/stylesheets/application.scss
>> @import "bootstrap/scss/bootstrap";

   ^
):
     6:     <%= csrf_meta_tags %>
     7:     <%= csp_meta_tag %>
     8: 
     9:     <%= stylesheet_link_tag "application", "data-turbo-track": "reload" %>
    10:     <%= javascript_include_tag "application", "data-turbo-track": "reload", defer: true %>
    11:     <%= javascript_importmap_tags %>
    12:   </head>
  
app/assets/stylesheets/application.scss:8
app/views/layouts/application.html.erb:9
Started GET "/lists" for ::1 at 2023-11-17 12:15:12 +0100
  [1m[36mActiveRecord::SchemaMigration Pluck (0.9ms)[0m  [1m[34mSELECT "schema_migrations"."version" FROM "schema_migrations" ORDER BY "schema_migrations"."version" ASC[0m
Processing by ListsController#index as HTML
  Rendering layout layouts/application.html.erb
  Rendering lists/index.html.erb within layouts/application
  [1m[36mList Load (0.9ms)[0m  [1m[34mSELECT "lists".* FROM "lists"[0m
  ↳ app/views/lists/index.html.erb:13
  Rendered lists/index.html.erb within layouts/application (Duration: 2.0ms | Allocations: 1500)
  Rendered layout layouts/application.html.erb (Duration: 15.3ms | Allocations: 11049)
Completed 500 Internal Server Error in 22ms (ActiveRecord: 0.9ms | Allocations: 18240)


  
ActionView::Template::Error (Error: File to import not found or unreadable: bootstrap.
        on line 8:1 of app/assets/stylesheets/application.scss
>> @import "bootstrap";

   ^
):
     6:     <%= csrf_meta_tags %>
     7:     <%= csp_meta_tag %>
     8: 
     9:     <%= stylesheet_link_tag "application", "data-turbo-track": "reload" %>
    10:     <%= javascript_include_tag "application", "data-turbo-track": "reload", defer: true %>
    11:     <%= javascript_importmap_tags %>
    12:   </head>
  
app/assets/stylesheets/application.scss:8
app/views/layouts/application.html.erb:9
Started GET "/lists" for ::1 at 2023-11-17 12:15:30 +0100
Processing by ListsController#index as HTML
  Rendering layout layouts/application.html.erb
  Rendering lists/index.html.erb within layouts/application
  [1m[36mList Load (0.6ms)[0m  [1m[34mSELECT "lists".* FROM "lists"[0m
  ↳ app/views/lists/index.html.erb:13
  Rendered lists/index.html.erb within layouts/application (Duration: 3.7ms | Allocations: 720)
  Rendered layout layouts/application.html.erb (Duration: 18.8ms | Allocations: 7777)
Completed 500 Internal Server Error in 21ms (ActiveRecord: 0.6ms | Allocations: 8081)


  
ActionView::Template::Error (Error: File to import not found or unreadable: bootstrap/scss/bootstrap.
        on line 8:1 of app/assets/stylesheets/application.scss
>> @import "bootstrap/scss/bootstrap";

   ^
):
     6:     <%= csrf_meta_tags %>
     7:     <%= csp_meta_tag %>
     8: 
     9:     <%= stylesheet_link_tag "application", "data-turbo-track": "reload" %>
    10:     <%= javascript_include_tag "application", "data-turbo-track": "reload", defer: true %>
    11:     <%= javascript_importmap_tags %>
    12:   </head>
  
app/assets/stylesheets/application.scss:8
app/views/layouts/application.html.erb:9
Started GET "/lists" for ::1 at 2023-11-17 12:15:31 +0100
Processing by ListsController#index as HTML
  Rendering layout layouts/application.html.erb
  Rendering lists/index.html.erb within layouts/application
  [1m[36mList Load (0.4ms)[0m  [1m[34mSELECT "lists".* FROM "lists"[0m
  ↳ app/views/lists/index.html.erb:13
  Rendered lists/index.html.erb within layouts/application (Duration: 2.3ms | Allocations: 628)
  Rendered layout layouts/application.html.erb (Duration: 18.7ms | Allocations: 7393)
Completed 500 Internal Server Error in 21ms (ActiveRecord: 0.4ms | Allocations: 7653)


  
ActionView::Template::Error (Error: File to import not found or unreadable: bootstrap/scss/bootstrap.
        on line 8:1 of app/assets/stylesheets/application.scss
>> @import "bootstrap/scss/bootstrap";

   ^
):
     6:     <%= csrf_meta_tags %>
     7:     <%= csp_meta_tag %>
     8: 
     9:     <%= stylesheet_link_tag "application", "data-turbo-track": "reload" %>
    10:     <%= javascript_include_tag "application", "data-turbo-track": "reload", defer: true %>
    11:     <%= javascript_importmap_tags %>
    12:   </head>
  
app/assets/stylesheets/application.scss:8
app/views/layouts/application.html.erb:9
Started GET "/lists" for ::1 at 2023-11-17 12:15:56 +0100
  [1m[36mActiveRecord::SchemaMigration Pluck (1.0ms)[0m  [1m[34mSELECT "schema_migrations"."version" FROM "schema_migrations" ORDER BY "schema_migrations"."version" ASC[0m
Processing by ListsController#index as HTML
  Rendering layout layouts/application.html.erb
  Rendering lists/index.html.erb within layouts/application
  [1m[36mList Load (12.3ms)[0m  [1m[34mSELECT "lists".* FROM "lists"[0m
  ↳ app/views/lists/index.html.erb:13
  Rendered lists/index.html.erb within layouts/application (Duration: 13.5ms | Allocations: 1500)
  Rendered shared/_navbar.html.erb (Duration: 0.7ms | Allocations: 923)
  Rendered shared/_flashes.html.erb (Duration: 0.2ms | Allocations: 236)
  Rendered layout layouts/application.html.erb (Duration: 1392.4ms | Allocations: 158498)
Completed 200 OK in 1399ms (Views: 1381.4ms | ActiveRecord: 12.3ms | Allocations: 165722)


Started GET "/star-rating.js/dist/star-rating.css" for ::1 at 2023-11-17 12:15:58 +0100
Started GET "/tom-select/dist/css/tom-select.css" for ::1 at 2023-11-17 12:15:58 +0100
  
ActionController::RoutingError (No route matches [GET] "/star-rating.js/dist/star-rating.css"):
  
  
ActionController::RoutingError (No route matches [GET] "/tom-select/dist/css/tom-select.css"):
  

NameError: constant WebConsole::SourceLocation not defined

          source_location = SourceLocation.new(binding)
                            ^^^^^^^^^^^^^^
	from /Users/nathantoussaint/.rbenv/versions/3.1.2/lib/ruby/gems/3.1.0/gems/web-console-4.2.0/lib/web_console/exception_mapper.rb:51:in `block in guess_the_first_application_binding'
	from /Users/nathantoussaint/.rbenv/versions/3.1.2/lib/ruby/gems/3.1.0/gems/web-console-4.2.0/lib/web_console/exception_mapper.rb:50:in `each'
	from /Users/nathantoussaint/.rbenv/versions/3.1.2/lib/ruby/gems/3.1.0/gems/web-console-4.2.0/lib/web_console/exception_mapper.rb:50:in `find'
	from /Users/nathantoussaint/.rbenv/versions/3.1.2/lib/ruby/gems/3.1.0/gems/web-console-4.2.0/lib/web_console/exception_mapper.rb:50:in `guess_the_first_application_binding'
	from /Users/nathantoussaint/.rbenv/versions/3.1.2/lib/ruby/gems/3.1.0/gems/web-console-4.2.0/lib/web_console/exception_mapper.rb:30:in `first'
	from /Users/nathantoussaint/.rbenv/versions/3.1.2/lib/ruby/gems/3.1.0/gems/web-console-4.2.0/lib/web_console/session.rb:48:in `initialize'
	from /Users/nathantoussaint/.rbenv/versions/3.1.2/lib/ruby/gems/3.1.0/gems/web-console-4.2.0/lib/web_console/session.rb:34:in `new'
	from /Users/nathantoussaint/.rbenv/versions/3.1.2/lib/ruby/gems/3.1.0/gems/web-console-4.2.0/lib/web_console/session.rb:34:in `from'
	from /Users/nathantoussaint/.rbenv/versions/3.1.2/lib/ruby/gems/3.1.0/gems/web-console-4.2.0/lib/web_console/middleware.rb:30:in `block in call'
	from /Users/nathantoussaint/.rbenv/versions/3.1.2/lib/ruby/gems/3.1.0/gems/web-console-4.2.0/lib/web_console/middleware.rb:17:in `catch'
	from /Users/nathantoussaint/.rbenv/versions/3.1.2/lib/ruby/gems/3.1.0/gems/web-console-4.2.0/lib/web_console/middleware.rb:17:in `call'
	from /Users/nathantoussaint/.rbenv/versions/3.1.2/lib/ruby/gems/3.1.0/gems/actionpack-7.0.3.1/lib/action_dispatch/middleware/show_exceptions.rb:26:in `call'
	from /Users/nathantoussaint/.rbenv/versions/3.1.2/lib/ruby/gems/3.1.0/gems/railties-7.0.3.1/lib/rails/rack/logger.rb:40:in `call_app'
	from /Users/nathantoussaint/.rbenv/versions/3.1.2/lib/ruby/gems/3.1.0/gems/railties-7.0.3.1/lib/rails/rack/logger.rb:25:in `block in call'
	from /Users/nathantoussaint/.rbenv/versions/3.1.2/lib/ruby/gems/3.1.0/gems/activesupport-7.0.3.1/lib/active_support/tagged_logging.rb:114:in `block in tagged'
	from /Users/nathantoussaint/.rbenv/versions/3.1.2/lib/ruby/gems/3.1.0/gems/activesupport-7.0.3.1/lib/active_support/tagged_logging.rb:38:in `tagged'
	from /Users/nathantoussaint/.rbenv/versions/3.1.2/lib/ruby/gems/3.1.0/gems/activesupport-7.0.3.1/lib/active_support/tagged_logging.rb:114:in `tagged'
	from /Users/nathantoussaint/.rbenv/versions/3.1.2/lib/ruby/gems/3.1.0/gems/railties-7.0.3.1/lib/rails/rack/logger.rb:25:in `call'
	from /Users/nathantoussaint/.rbenv/versions/3.1.2/lib/ruby/gems/3.1.0/gems/sprockets-rails-3.4.2/lib/sprockets/rails/quiet_assets.rb:13:in `call'
	from /Users/nathantoussaint/.rbenv/versions/3.1.2/lib/ruby/gems/3.1.0/gems/actionpack-7.0.3.1/lib/action_dispatch/middleware/remote_ip.rb:93:in `call'
	from /Users/nathantoussaint/.rbenv/versions/3.1.2/lib/ruby/gems/3.1.0/gems/actionpack-7.0.3.1/lib/action_dispatch/middleware/request_id.rb:26:in `call'
	from /Users/nathantoussaint/.rbenv/versions/3.1.2/lib/ruby/gems/3.1.0/gems/rack-2.2.4/lib/rack/method_override.rb:24:in `call'
	from /Users/nathantoussaint/.rbenv/versions/3.1.2/lib/ruby/gems/3.1.0/gems/rack-2.2.4/lib/rack/runtime.rb:22:in `call'
	from /Users/nathantoussaint/.rbenv/versions/3.1.2/lib/ruby/gems/3.1.0/gems/activesupport-7.0.3.1/lib/active_support/cache/strategy/local_cache_middleware.rb:29:in `call'
	from /Users/nathantoussaint/.rbenv/versions/3.1.2/lib/ruby/gems/3.1.0/gems/actionpack-7.0.3.1/lib/action_dispatch/middleware/server_timing.rb:20:in `call'
	from /Users/nathantoussaint/.rbenv/versions/3.1.2/lib/ruby/gems/3.1.0/gems/actionpack-7.0.3.1/lib/action_dispatch/middleware/executor.rb:14:in `call'
	from /Users/nathantoussaint/.rbenv/versions/3.1.2/lib/ruby/gems/3.1.0/gems/actionpack-7.0.3.1/lib/action_dispatch/middleware/static.rb:23:in `call'
	from /Users/nathantoussaint/.rbenv/versions/3.1.2/lib/ruby/gems/3.1.0/gems/rack-2.2.4/lib/rack/sendfile.rb:110:in `call'
	from /Users/nathantoussaint/.rbenv/versions/3.1.2/lib/ruby/gems/3.1.0/gems/actionpack-7.0.3.1/lib/action_dispatch/middleware/host_authorization.rb:137:in `call'
	from /Users/nathantoussaint/.rbenv/versions/3.1.2/lib/ruby/gems/3.1.0/gems/railties-7.0.3.1/lib/rails/engine.rb:530:in `call'
	from /Users/nathantoussaint/.rbenv/versions/3.1.2/lib/ruby/gems/3.1.0/gems/puma-5.6.4/lib/puma/configuration.rb:252:in `call'
	from /Users/nathantoussaint/.rbenv/versions/3.1.2/lib/ruby/gems/3.1.0/gems/puma-5.6.4/lib/puma/request.rb:77:in `block in handle_request'
	from /Users/nathantoussaint/.rbenv/versions/3.1.2/lib/ruby/gems/3.1.0/gems/puma-5.6.4/lib/puma/thread_pool.rb:340:in `with_force_shutdown'
	from /Users/nathantoussaint/.rbenv/versions/3.1.2/lib/ruby/gems/3.1.0/gems/puma-5.6.4/lib/puma/request.rb:76:in `handle_request'
	from /Users/nathantoussaint/.rbenv/versions/3.1.2/lib/ruby/gems/3.1.0/gems/puma-5.6.4/lib/puma/server.rb:441:in `process_client'
	from /Users/nathantoussaint/.rbenv/versions/3.1.2/lib/ruby/gems/3.1.0/gems/puma-5.6.4/lib/puma/thread_pool.rb:147:in `block in spawn_thread'
Started GET "/lists" for ::1 at 2023-11-17 12:16:28 +0100
Processing by ListsController#index as HTML
  Rendering layout layouts/application.html.erb
  Rendering lists/index.html.erb within layouts/application
  [1m[36mList Load (0.4ms)[0m  [1m[34mSELECT "lists".* FROM "lists"[0m
  ↳ app/views/lists/index.html.erb:13
  Rendered lists/index.html.erb within layouts/application (Duration: 2.7ms | Allocations: 725)
  Rendered layout layouts/application.html.erb (Duration: 18.0ms | Allocations: 4350)
Completed 500 Internal Server Error in 21ms (ActiveRecord: 0.4ms | Allocations: 4670)


  
ActionView::Template::Error (Error: File to import not found or unreadable: ../../../../../bootstrap/scss/bootstrap.
        on line 8:1 of app/assets/stylesheets/application.scss
>> @import "../../../../../bootstrap/scss/bootstrap";

   ^
):
     6:     <%= csrf_meta_tags %>
     7:     <%= csp_meta_tag %>
     8: 
     9:     <%= stylesheet_link_tag "application", "data-turbo-track": "reload" %>
    10:     <%= javascript_include_tag "application", "data-turbo-track": "reload", defer: true %>
    11:     <%= javascript_importmap_tags %>
    12:   </head>
  
app/assets/stylesheets/application.scss:8
app/views/layouts/application.html.erb:9
Started GET "/lists" for ::1 at 2023-11-17 12:16:29 +0100
Processing by ListsController#index as HTML
  Rendering layout layouts/application.html.erb
  Rendering lists/index.html.erb within layouts/application
  [1m[36mList Load (0.5ms)[0m  [1m[34mSELECT "lists".* FROM "lists"[0m
  ↳ app/views/lists/index.html.erb:13
  Rendered lists/index.html.erb within layouts/application (Duration: 3.2ms | Allocations: 621)
  Rendered layout layouts/application.html.erb (Duration: 17.8ms | Allocations: 3988)
Completed 500 Internal Server Error in 20ms (ActiveRecord: 0.5ms | Allocations: 4240)


  
ActionView::Template::Error (Error: File to import not found or unreadable: ../../../../../bootstrap/scss/bootstrap.
        on line 8:1 of app/assets/stylesheets/application.scss
>> @import "../../../../../bootstrap/scss/bootstrap";

   ^
):
     6:     <%= csrf_meta_tags %>
     7:     <%= csp_meta_tag %>
     8: 
     9:     <%= stylesheet_link_tag "application", "data-turbo-track": "reload" %>
    10:     <%= javascript_include_tag "application", "data-turbo-track": "reload", defer: true %>
    11:     <%= javascript_importmap_tags %>
    12:   </head>
  
app/assets/stylesheets/application.scss:8
app/views/layouts/application.html.erb:9
Started GET "/lists" for ::1 at 2023-11-17 12:17:25 +0100
  [1m[36mActiveRecord::SchemaMigration Pluck (1.1ms)[0m  [1m[34mSELECT "schema_migrations"."version" FROM "schema_migrations" ORDER BY "schema_migrations"."version" ASC[0m
Processing by ListsController#index as HTML
  Rendering layout layouts/application.html.erb
  Rendering lists/index.html.erb within layouts/application
  [1m[36mList Load (0.9ms)[0m  [1m[34mSELECT "lists".* FROM "lists"[0m
  ↳ app/views/lists/index.html.erb:13
  Rendered lists/index.html.erb within layouts/application (Duration: 2.0ms | Allocations: 1500)
  Rendered layout layouts/application.html.erb (Duration: 9.5ms | Allocations: 6410)
Completed 500 Internal Server Error in 16ms (ActiveRecord: 0.9ms | Allocations: 13601)


  
ActionView::Template::Error (Error: File to import not found or unreadable: ../../../../../bootstrap/scss/bootstrap.
        on line 8:1 of app/assets/stylesheets/application.scss
>> @import "../../../../../bootstrap/scss/bootstrap";

   ^
):
     6:     <%= csrf_meta_tags %>
     7:     <%= csp_meta_tag %>
     8: 
     9:     <%= stylesheet_link_tag "application", "data-turbo-track": "reload" %>
    10:     <%= javascript_include_tag "application", "data-turbo-track": "reload", defer: true %>
    11:     <%= javascript_importmap_tags %>
    12:   </head>
  
app/assets/stylesheets/application.scss:8
app/views/layouts/application.html.erb:9
Started GET "/lists" for ::1 at 2023-11-17 12:17:26 +0100
Processing by ListsController#index as HTML
  Rendering layout layouts/application.html.erb
  Rendering lists/index.html.erb within layouts/application
  [1m[36mList Load (0.4ms)[0m  [1m[34mSELECT "lists".* FROM "lists"[0m
  ↳ app/views/lists/index.html.erb:13
  Rendered lists/index.html.erb within layouts/application (Duration: 2.9ms | Allocations: 720)
  Rendered layout layouts/application.html.erb (Duration: 20.1ms | Allocations: 4365)
Completed 500 Internal Server Error in 22ms (ActiveRecord: 0.4ms | Allocations: 4669)


  
ActionView::Template::Error (Error: File to import not found or unreadable: ../../../../../bootstrap/scss/bootstrap.
        on line 8:1 of app/assets/stylesheets/application.scss
>> @import "../../../../../bootstrap/scss/bootstrap";

   ^
):
     6:     <%= csrf_meta_tags %>
     7:     <%= csp_meta_tag %>
     8: 
     9:     <%= stylesheet_link_tag "application", "data-turbo-track": "reload" %>
    10:     <%= javascript_include_tag "application", "data-turbo-track": "reload", defer: true %>
    11:     <%= javascript_importmap_tags %>
    12:   </head>
  
app/assets/stylesheets/application.scss:8
app/views/layouts/application.html.erb:9
Started GET "/lists" for ::1 at 2023-11-17 12:17:35 +0100
Processing by ListsController#index as HTML
  Rendering layout layouts/application.html.erb
  Rendering lists/index.html.erb within layouts/application
  [1m[36mList Load (0.3ms)[0m  [1m[34mSELECT "lists".* FROM "lists"[0m
  ↳ app/views/lists/index.html.erb:13
  Rendered lists/index.html.erb within layouts/application (Duration: 1.9ms | Allocations: 628)
  Rendered shared/_navbar.html.erb (Duration: 0.8ms | Allocations: 922)
  Rendered shared/_flashes.html.erb (Duration: 0.2ms | Allocations: 236)
  Rendered layout layouts/application.html.erb (Duration: 3574.2ms | Allocations: 201087)
Completed 200 OK in 3576ms (Views: 3574.4ms | ActiveRecord: 0.3ms | Allocations: 201422)


Started GET "/tom-select/dist/css/tom-select.css" for ::1 at 2023-11-17 12:17:39 +0100
Started GET "/star-rating.js/dist/star-rating.css" for ::1 at 2023-11-17 12:17:39 +0100
  
ActionController::RoutingError (No route matches [GET] "/tom-select/dist/css/tom-select.css"):
  
  
ActionController::RoutingError (No route matches [GET] "/star-rating.js/dist/star-rating.css"):
  
